4/3/2019 10:00:10 PM
 
Log
AgentA reset with reward 0

Log
AgentB reset with reward 0

Log
AgentA reset with reward 0

Log
AgentB reset with reward 0

Log
AgentA trig loss

Log
AgentA reset with reward 0

Log
AgentB reset with reward 1

Log
AgentA reset with reward 0

Log
AgentB reset with reward 0

Log
AgentB trig loss

Log
AgentA reset with reward 1

Log
AgentB reset with reward 0

Log
AgentA reset with reward 0

Log
AgentB reset with reward 0

Log
AgentA trig loss

Log
AgentA reset with reward 0

Log
AgentB reset with reward 1

Log
AgentA reset with reward 0

Log
AgentB reset with reward 0

Log
AgentA trig loss

Log
AgentA reset with reward 0

Log
AgentB reset with reward 1

Log
AgentA reset with reward 0

Log
AgentB reset with reward 0

Log
AgentB trig loss

Log
AgentA reset with reward 1

Log
AgentB reset with reward 0

Log
AgentA reset with reward 0

Log
AgentB reset with reward 0

Log
AgentA reset with reward 0

Log
AgentB reset with reward 0

Log
AgentA trig loss

Log
AgentA reset with reward 0

Log
AgentB reset with reward 1

Log
AgentA reset with reward 0

Log
AgentB reset with reward 0

Log
AgentA trig loss

Log
AgentA reset with reward 0

Log
AgentB reset with reward 1

Log
AgentA reset with reward 0

Log
AgentB reset with reward 0

Log
AgentA trig loss

Log
AgentA reset with reward 0

Log
AgentB reset with reward 1

Log
AgentA reset with reward 0

Log
AgentB reset with reward 0

Log
AgentB trig loss

Log
AgentA reset with reward 1

Log
AgentB reset with reward 0

Log
AgentA reset with reward 0

Log
AgentB reset with reward 0

Log
AgentB trig loss

Log
AgentA reset with reward 1

Log
AgentB reset with reward 0

Log
AgentA reset with reward 0

Log
AgentB reset with reward 0

Log
AgentA reset with reward 0

Log
AgentB reset with reward 0

